Log file open, 11/04/19 16:21:13
LogWindows: Failed to load 'aqProf.dll' (GetLastError=126)
LogWindows: File 'aqProf.dll' does not exist
LogWindows: Failed to load 'VtuneApi.dll' (GetLastError=126)
LogWindows: File 'VtuneApi.dll' does not exist
LogWindows: Failed to load 'VtuneApi32e.dll' (GetLastError=126)
LogWindows: File 'VtuneApi32e.dll' does not exist
LogConsoleResponse: Display: Failed to find resolution value strings in scalability ini. Falling back to default.
LogInit: Display: Running engine for game: HonorAmongThieves
LogPlatformFile: Not using cached read wrapper
LogTaskGraph: Started task graph with 5 named threads and 35 total threads with 3 sets of task threads.
LogStats: Stats thread started at 0.061981
LogD3D11RHI: Loaded GFSDK_Aftermath_Lib.x64.dll
LogICUInternationalization: ICU TimeZone Detection - Raw Offset: -5:00, Platform Override: ''
LogPluginManager: Mounting plugin Paper2D
LogPluginManager: Mounting plugin AISupport
LogPluginManager: Mounting plugin LightPropagationVolume
LogPluginManager: Mounting plugin ActorLayerUtilities
LogPluginManager: Mounting plugin AnimationSharing
LogPluginManager: Mounting plugin CLionSourceCodeAccess
LogPluginManager: Mounting plugin CodeLiteSourceCodeAccess
LogPluginManager: Mounting plugin GitSourceControl
LogPluginManager: Mounting plugin KDevelopSourceCodeAccess
LogPluginManager: Mounting plugin NullSourceCodeAccess
LogPluginManager: Mounting plugin PerforceSourceControl
LogPluginManager: Mounting plugin SubversionSourceControl
LogPluginManager: Mounting plugin UObjectPlugin
LogPluginManager: Mounting plugin VisualStudioCodeSourceCodeAccess
LogPluginManager: Mounting plugin VisualStudioSourceCodeAccess
LogPluginManager: Mounting plugin XCodeSourceCodeAccess
LogPluginManager: Mounting plugin AssetManagerEditor
LogPluginManager: Mounting plugin CryptoKeys
LogPluginManager: Mounting plugin CurveEditorTools
LogPluginManager: Mounting plugin DataValidation
LogPluginManager: Mounting plugin FacialAnimation
LogPluginManager: Mounting plugin GameplayTagsEditor
LogPluginManager: Mounting plugin MacGraphicsSwitching
LogPluginManager: Mounting plugin MaterialAnalyzer
LogPluginManager: Mounting plugin MobileLauncherProfileWizard
LogPluginManager: Mounting plugin PluginBrowser
LogPluginManager: Mounting plugin SpeedTreeImporter
LogPluginManager: Mounting plugin DatasmithContent
LogPluginManager: Mounting plugin VariantManagerContent
LogPluginManager: Mounting plugin AlembicImporter
LogPluginManager: Mounting plugin AutomationUtils
LogPluginManager: Mounting plugin BackChannel
LogPluginManager: Mounting plugin CharacterAI
LogPluginManager: Mounting plugin GeometryCache
LogPluginManager: Mounting plugin HTML5Networking
LogPluginManager: Mounting plugin PlatformCrypto
LogPluginManager: Mounting plugin ProxyLODPlugin
LogPluginManager: Mounting plugin SkeletalReduction
LogPluginManager: Mounting plugin MagicLeap
LogPluginManager: Mounting plugin MagicLeapMedia
LogPluginManager: Mounting plugin AndroidMedia
LogPluginManager: Mounting plugin AvfMedia
LogPluginManager: Mounting plugin ImgMedia
LogPluginManager: Mounting plugin MediaCompositing
LogPluginManager: Mounting plugin MediaPlayerEditor
LogPluginManager: Mounting plugin WebMMedia
LogPluginManager: Mounting plugin WmfMedia
LogPluginManager: Mounting plugin TcpMessaging
LogPluginManager: Mounting plugin UdpMessaging
LogPluginManager: Mounting plugin ActorSequence
LogPluginManager: Mounting plugin LevelSequenceEditor
LogPluginManager: Mounting plugin MatineeToLevelSequence
LogPluginManager: Mounting plugin NetcodeUnitTest
LogPluginManager: Mounting plugin NUTUnrealEngine4
LogPluginManager: Mounting plugin OnlineSubsystemGooglePlay
LogPluginManager: Mounting plugin OnlineSubsystemIOS
LogPluginManager: Mounting plugin OnlineSubsystem
LogPluginManager: Mounting plugin OnlineSubsystemNull
LogPluginManager: Mounting plugin OnlineSubsystemUtils
LogPluginManager: Mounting plugin LauncherChunkInstaller
LogPluginManager: Mounting plugin AndroidDeviceProfileSelector
LogPluginManager: Mounting plugin AndroidMoviePlayer
LogPluginManager: Mounting plugin AndroidPermission
LogPluginManager: Mounting plugin AppleImageUtils
LogPluginManager: Mounting plugin AppleMoviePlayer
LogPluginManager: Mounting plugin ArchVisCharacter
LogPluginManager: Mounting plugin AudioCapture
LogPluginManager: Mounting plugin CableComponent
LogPluginManager: Mounting plugin CustomMeshComponent
LogPluginManager: Mounting plugin EditableMesh
LogPluginManager: Mounting plugin ExampleDeviceProfileSelector
LogPluginManager: Mounting plugin GoogleCloudMessaging
LogPluginManager: Mounting plugin IOSDeviceProfileSelector
LogPluginManager: Mounting plugin LinuxDeviceProfileSelector
LogPluginManager: Mounting plugin LocationServicesBPLibrary
LogPluginManager: Mounting plugin MobilePatchingUtils
LogPluginManager: Mounting plugin OculusVR
LogPluginManager: Mounting plugin PhysXVehicles
LogPluginManager: Mounting plugin ProceduralMeshComponent
LogPluginManager: Mounting plugin RuntimePhysXCooking
LogPluginManager: Mounting plugin SignificanceManager
LogPluginManager: Mounting plugin SteamVR
LogPluginManager: Mounting plugin WebMMoviePlayer
LogPluginManager: Mounting plugin WindowsMoviePlayer
LogPluginManager: Mounting plugin ScreenshotTools
LogInit: Using libcurl 7.55.1-DEV
LogInit:  - built for x86_64-pc-win32
LogInit:  - supports SSL with OpenSSL/1.1.1
LogInit:  - supports HTTP deflate (compression) using libz 1.2.8
LogInit:  - other features:
LogInit:      CURL_VERSION_SSL
LogInit:      CURL_VERSION_LIBZ
LogInit:      CURL_VERSION_IPV6
LogInit:      CURL_VERSION_ASYNCHDNS
LogInit:      CURL_VERSION_LARGEFILE
LogInit:      CURL_VERSION_IDN
LogInit:  CurlRequestOptions (configurable via config and command line):
LogInit:  - bVerifyPeer = true  - Libcurl will verify peer certificate
LogInit:  - bUseHttpProxy = false  - Libcurl will NOT use HTTP proxy
LogInit:  - bDontReuseConnections = false  - Libcurl will reuse connections
LogInit:  - MaxHostConnections = 16  - Libcurl will limit the number of connections to a host
LogInit:  - LocalHostAddr = Default
LogInit:  - BufferSize = 65536
LogOnline: OSS: Creating online subsystem instance for: NULL
LogInit: WinSock: version 1.1 (2.2), MaxSocks=32767, MaxUdp=65467
LogInit: Build: ++UE4+Release-4.23-CL-9631420
LogInit: Engine Version: 4.23.1-9631420+++UE4+Release-4.23
LogInit: Compatible Engine Version: 4.23.0-8386587+++UE4+Release-4.23
LogInit: Net CL: 8386587
LogInit: OS: Windows 10 (Release 1903) (), CPU: Intel(R) Core(TM) i7-8850H CPU @ 2.60GHz, GPU: Intel(R) UHD Graphics 630
LogInit: Compiled (64-bit): Oct 18 2019 02:07:44
LogInit: Compiled with Visual C++: 19.16.27030.01
LogInit: Build Configuration: Development
LogInit: Branch Name: ++UE4+Release-4.23
LogInit: Command Line: 
LogInit: Base Directory: C:/Program Files/Epic Games/UE_4.23/Engine/Binaries/Win64/
LogInit: Installed Engine Build: 1
LogDevObjectVersion: Number of dev versions registered: 23
LogDevObjectVersion:   Dev-Blueprints (B0D832E4-1F89-4F0D-ACCF-7EB736FD4AA2): 10
LogDevObjectVersion:   Dev-Build (E1C64328-A22C-4D53-A36C-8E866417BD8C): 0
LogDevObjectVersion:   Dev-Core (375EC13C-06E4-48FB-B500-84F0262A717E): 3
LogDevObjectVersion:   Dev-Editor (E4B068ED-F494-42E9-A231-DA0B2E46BB41): 34
LogDevObjectVersion:   Dev-Framework (CFFC743F-43B0-4480-9391-14DF171D2073): 35
LogDevObjectVersion:   Dev-Mobile (B02B49B5-BB20-44E9-A304-32B752E40360): 2
LogDevObjectVersion:   Dev-Networking (A4E4105C-59A1-49B5-A7C5-40C4547EDFEE): 0
LogDevObjectVersion:   Dev-Online (39C831C9-5AE6-47DC-9A44-9C173E1C8E7C): 0
LogDevObjectVersion:   Dev-Physics (78F01B33-EBEA-4F98-B9B4-84EACCB95AA2): 0
LogDevObjectVersion:   Dev-Platform (6631380F-2D4D-43E0-8009-CF276956A95A): 0
LogDevObjectVersion:   Dev-Rendering (12F88B9F-8875-4AFC-A67C-D90C383ABD29): 31
LogDevObjectVersion:   Dev-Sequencer (7B5AE74C-D270-4C10-A958-57980B212A5A): 11
LogDevObjectVersion:   Dev-VR (D7296918-1DD6-4BDD-9DE2-64A83CC13884): 2
LogDevObjectVersion:   Dev-LoadTimes (C2A15278-BFE7-4AFE-6C17-90FF531DF755): 1
LogDevObjectVersion:   Private-Geometry (6EACA3D4-40EC-4CC1-B786-8BED09428FC5): 3
LogDevObjectVersion:   Dev-AnimPhys (29E575DD-E0A3-4627-9D10-D276232CDCEA): 17
LogDevObjectVersion:   Dev-Anim (AF43A65D-7FD3-4947-9873-3E8ED9C1BB05): 2
LogDevObjectVersion:   Dev-ReflectionCapture (6B266CEC-1EC7-4B8F-A30B-E4D90942FC07): 1
LogDevObjectVersion:   Dev-Automation (0DF73D61-A23F-47EA-B727-89E90C41499A): 1
LogDevObjectVersion:   FortniteMain (601D1886-AC64-4F84-AA16-D3DE0DEAC7D6): 27
LogDevObjectVersion:   Dev-Enterprise (9DFFBCD6-494F-0158-E221-12823C92A888): 6
LogDevObjectVersion:   Dev-Niagara (F2AED0AC-9AFE-416F-8664-AA7FFA26D6FC): 1
LogDevObjectVersion:   Dev-Destruction (174F1F0B-B4C6-45A5-B13F-2EE8D0FB917D): 9
LogInit: Presizing for max 16777216 objects, including 0 objects not considered by GC, pre-allocating 0 bytes for permanent pool.
LogInit: Object subsystem initialized
LogConfig: Setting CVar [[con.DebugEarlyDefault:1]]
LogConfig: Setting CVar [[r.setres:1280x720]]
[2019.11.04-21.21.13:567][  0]LogConfig: Setting CVar [[r.VSync:0]]
[2019.11.04-21.21.13:567][  0]LogConfig: Setting CVar [[r.RHICmdBypass:0]]
[2019.11.04-21.21.13:567][  0]LogConfig: Applying CVar settings from Section [/Script/Engine.RendererSettings] File [C:/Users/zerog/Documents/UnrealProj2/HonorAmongThieves/Saved/Config/Windows/Engine.ini]
[2019.11.04-21.21.13:567][  0]LogConfig: Setting CVar [[r.GPUCrashDebugging:0]]
[2019.11.04-21.21.13:567][  0]LogConfig: Applying CVar settings from Section [/Script/Engine.RendererOverrideSettings] File [C:/Users/zerog/Documents/UnrealProj2/HonorAmongThieves/Saved/Config/Windows/Engine.ini]
[2019.11.04-21.21.13:567][  0]LogConfig: Applying CVar settings from Section [/Script/Engine.StreamingSettings] File [C:/Users/zerog/Documents/UnrealProj2/HonorAmongThieves/Saved/Config/Windows/Engine.ini]
[2019.11.04-21.21.13:567][  0]LogConfig: Setting CVar [[s.MinBulkDataSizeForAsyncLoading:131072]]
[2019.11.04-21.21.13:567][  0]LogConfig: Setting CVar [[s.AsyncLoadingThreadEnabled:0]]
[2019.11.04-21.21.13:567][  0]LogConfig: Setting CVar [[s.EventDrivenLoaderEnabled:1]]
[2019.11.04-21.21.13:567][  0]LogConfig: Setting CVar [[s.WarnIfTimeLimitExceeded:0]]
[2019.11.04-21.21.13:567][  0]LogConfig: Setting CVar [[s.TimeLimitExceededMultiplier:1.5]]
[2019.11.04-21.21.13:567][  0]LogConfig: Setting CVar [[s.TimeLimitExceededMinTime:0.005]]
[2019.11.04-21.21.13:567][  0]LogConfig: Setting CVar [[s.UseBackgroundLevelStreaming:1]]
[2019.11.04-21.21.13:567][  0]LogConfig: Setting CVar [[s.PriorityAsyncLoadingExtraTime:15.0]]
[2019.11.04-21.21.13:567][  0]LogConfig: Setting CVar [[s.LevelStreamingActorsUpdateTimeLimit:5.0]]
[2019.11.04-21.21.13:567][  0]LogConfig: Setting CVar [[s.PriorityLevelStreamingActorsUpdateExtraTime:5.0]]
[2019.11.04-21.21.13:567][  0]LogConfig: Setting CVar [[s.LevelStreamingComponentsRegistrationGranularity:10]]
[2019.11.04-21.21.13:567][  0]LogConfig: Setting CVar [[s.UnregisterComponentsTimeLimit:1.0]]
[2019.11.04-21.21.13:567][  0]LogConfig: Setting CVar [[s.LevelStreamingComponentsUnregistrationGranularity:5]]
[2019.11.04-21.21.13:567][  0]LogConfig: Applying CVar settings from Section [/Script/Engine.GarbageCollectionSettings] File [C:/Users/zerog/Documents/UnrealProj2/HonorAmongThieves/Saved/Config/Windows/Engine.ini]
[2019.11.04-21.21.13:567][  0]LogConfig: Setting CVar [[gc.MaxObjectsNotConsideredByGC:1]]
[2019.11.04-21.21.13:567][  0]LogConfig: Setting CVar [[gc.SizeOfPermanentObjectPool:0]]
[2019.11.04-21.21.13:567][  0]LogConfig: Setting CVar [[gc.FlushStreamingOnGC:0]]
[2019.11.04-21.21.13:567][  0]LogConfig: Setting CVar [[gc.NumRetriesBeforeForcingGC:10]]
[2019.11.04-21.21.13:567][  0]LogConfig: Setting CVar [[gc.AllowParallelGC:1]]
[2019.11.04-21.21.13:567][  0]LogConfig: Setting CVar [[gc.TimeBetweenPurgingPendingKillObjects:61.1]]
[2019.11.04-21.21.13:567][  0]LogConfig: Setting CVar [[gc.MaxObjectsInEditor:16777216]]
[2019.11.04-21.21.13:567][  0]LogConfig: Setting CVar [[gc.IncrementalBeginDestroyEnabled:1]]
[2019.11.04-21.21.13:567][  0]LogConfig: Setting CVar [[gc.CreateGCClusters:1]]
[2019.11.04-21.21.13:567][  0]LogConfig: Setting CVar [[gc.MinGCClusterSize:5]]
[2019.11.04-21.21.13:567][  0]LogConfig: Setting CVar [[gc.ActorClusteringEnabled:0]]
[2019.11.04-21.21.13:567][  0]LogConfig: Setting CVar [[gc.BlueprintClusteringEnabled:0]]
[2019.11.04-21.21.13:567][  0]LogConfig: Setting CVar [[gc.UseDisregardForGCOnDedicatedServers:0]]
[2019.11.04-21.21.13:567][  0]LogConfig: Applying CVar settings from Section [/Script/Engine.NetworkSettings] File [C:/Users/zerog/Documents/UnrealProj2/HonorAmongThieves/Saved/Config/Windows/Engine.ini]
[2019.11.04-21.21.13:567][  0]LogConfig: Applying CVar settings from Section [/Script/UnrealEd.CookerSettings] File [C:/Users/zerog/Documents/UnrealProj2/HonorAmongThieves/Saved/Config/Windows/Engine.ini]
[2019.11.04-21.21.13:569][  0]LogConfig: Applying CVar settings from Section [ViewDistanceQuality@3] File [C:/Users/zerog/Documents/UnrealProj2/HonorAmongThieves/Saved/Config/Windows/Scalability.ini]
[2019.11.04-21.21.13:569][  0]LogConfig: Setting CVar [[r.SkeletalMeshLODBias:0]]
[2019.11.04-21.21.13:569][  0]LogConfig: Setting CVar [[r.ViewDistanceScale:1.0]]
[2019.11.04-21.21.13:569][  0]LogConfig: Applying CVar settings from Section [AntiAliasingQuality@3] File [C:/Users/zerog/Documents/UnrealProj2/HonorAmongThieves/Saved/Config/Windows/Scalability.ini]
[2019.11.04-21.21.13:569][  0]LogConfig: Setting CVar [[r.PostProcessAAQuality:4]]
[2019.11.04-21.21.13:569][  0]LogConfig: Applying CVar settings from Section [ShadowQuality@3] File [C:/Users/zerog/Documents/UnrealProj2/HonorAmongThieves/Saved/Config/Windows/Scalability.ini]
[2019.11.04-21.21.13:569][  0]LogConfig: Setting CVar [[r.LightFunctionQuality:1]]
[2019.11.04-21.21.13:569][  0]LogConfig: Setting CVar [[r.ShadowQuality:5]]
[2019.11.04-21.21.13:569][  0]LogConfig: Setting CVar [[r.Shadow.CSM.MaxCascades:10]]
[2019.11.04-21.21.13:569][  0]LogConfig: Setting CVar [[r.Shadow.MaxResolution:2048]]
[2019.11.04-21.21.13:569][  0]LogConfig: Setting CVar [[r.Shadow.MaxCSMResolution:2048]]
[2019.11.04-21.21.13:569][  0]LogConfig: Setting CVar [[r.Shadow.RadiusThreshold:0.01]]
[2019.11.04-21.21.13:569][  0]LogConfig: Setting CVar [[r.Shadow.DistanceScale:1.0]]
[2019.11.04-21.21.13:569][  0]LogConfig: Setting CVar [[r.Shadow.CSM.TransitionScale:1.0]]
[2019.11.04-21.21.13:570][  0]LogConfig: Setting CVar [[r.Shadow.PreShadowResolutionFactor:1.0]]
[2019.11.04-21.21.13:570][  0]LogConfig: Setting CVar [[r.DistanceFieldShadowing:1]]
[2019.11.04-21.21.13:570][  0]LogConfig: Setting CVar [[r.DistanceFieldAO:1]]
[2019.11.04-21.21.13:570][  0]LogConfig: Setting CVar [[r.AOQuality:2]]
[2019.11.04-21.21.13:570][  0]LogConfig: Setting CVar [[r.VolumetricFog:1]]
[2019.11.04-21.21.13:570][  0]LogConfig: Setting CVar [[r.VolumetricFog.GridPixelSize:8]]
[2019.11.04-21.21.13:570][  0]LogConfig: Setting CVar [[r.VolumetricFog.GridSizeZ:128]]
[2019.11.04-21.21.13:570][  0]LogConfig: Setting CVar [[r.VolumetricFog.HistoryMissSupersampleCount:4]]
[2019.11.04-21.21.13:570][  0]LogConfig: Setting CVar [[r.LightMaxDrawDistanceScale:1]]
[2019.11.04-21.21.13:570][  0]LogConfig: Setting CVar [[r.CapsuleShadows:1]]
[2019.11.04-21.21.13:570][  0]LogConfig: Applying CVar settings from Section [PostProcessQuality@3] File [C:/Users/zerog/Documents/UnrealProj2/HonorAmongThieves/Saved/Config/Windows/Scalability.ini]
[2019.11.04-21.21.13:570][  0]LogConfig: Setting CVar [[r.MotionBlurQuality:4]]
[2019.11.04-21.21.13:570][  0]LogConfig: Setting CVar [[r.AmbientOcclusionMipLevelFactor:0.4]]
[2019.11.04-21.21.13:570][  0]LogConfig: Setting CVar [[r.AmbientOcclusionMaxQuality:100]]
[2019.11.04-21.21.13:570][  0]LogConfig: Setting CVar [[r.AmbientOcclusionLevels:-1]]
[2019.11.04-21.21.13:570][  0]LogConfig: Setting CVar [[r.AmbientOcclusionRadiusScale:1.0]]
[2019.11.04-21.21.13:570][  0]LogConfig: Setting CVar [[r.DepthOfFieldQuality:2]]
[2019.11.04-21.21.13:570][  0]LogConfig: Setting CVar [[r.RenderTargetPoolMin:400]]
[2019.11.04-21.21.13:570][  0]LogConfig: Setting CVar [[r.LensFlareQuality:2]]
[2019.11.04-21.21.13:570][  0]LogConfig: Setting CVar [[r.SceneColorFringeQuality:1]]
[2019.11.04-21.21.13:570][  0]LogConfig: Setting CVar [[r.EyeAdaptationQuality:2]]
[2019.11.04-21.21.13:570][  0]LogConfig: Setting CVar [[r.BloomQuality:5]]
[2019.11.04-21.21.13:570][  0]LogConfig: Setting CVar [[r.FastBlurThreshold:100]]
[2019.11.04-21.21.13:570][  0]LogConfig: Setting CVar [[r.Upscale.Quality:3]]
[2019.11.04-21.21.13:570][  0]LogConfig: Setting CVar [[r.Tonemapper.GrainQuantization:1]]
[2019.11.04-21.21.13:570][  0]LogConfig: Setting CVar [[r.LightShaftQuality:1]]
[2019.11.04-21.21.13:570][  0]LogConfig: Setting CVar [[r.Filter.SizeScale:1]]
[2019.11.04-21.21.13:570][  0]LogConfig: Setting CVar [[r.Tonemapper.Quality:5]]
[2019.11.04-21.21.13:570][  0]LogConfig: Setting CVar [[r.DOF.Gather.AccumulatorQuality:1        ; higher gathering accumulator quality]]
[2019.11.04-21.21.13:570][  0]LogConfig: Setting CVar [[r.DOF.Gather.PostfilterMethod:1          ; Median3x3 postfilering method]]
[2019.11.04-21.21.13:570][  0]LogConfig: Setting CVar [[r.DOF.Gather.EnableBokehSettings:0       ; no bokeh simulation when gathering]]
[2019.11.04-21.21.13:570][  0]LogConfig: Setting CVar [[r.DOF.Gather.RingCount:4                 ; medium number of samples when gathering]]
[2019.11.04-21.21.13:570][  0]LogConfig: Setting CVar [[r.DOF.Scatter.ForegroundCompositing:1    ; additive foreground scattering]]
[2019.11.04-21.21.13:570][  0]LogConfig: Setting CVar [[r.DOF.Scatter.BackgroundCompositing:2    ; additive background scattering]]
[2019.11.04-21.21.13:570][  0]LogConfig: Setting CVar [[r.DOF.Scatter.EnableBokehSettings:1      ; bokeh simulation when scattering]]
[2019.11.04-21.21.13:570][  0]LogConfig: Setting CVar [[r.DOF.Scatter.MaxSpriteRatio:0.1         ; only a maximum of 10% of scattered bokeh]]
[2019.11.04-21.21.13:570][  0]LogConfig: Setting CVar [[r.DOF.Recombine.Quality:1                ; cheap slight out of focus]]
[2019.11.04-21.21.13:570][  0]LogConfig: Setting CVar [[r.DOF.Recombine.EnableBokehSettings:0    ; no bokeh simulation on slight out of focus]]
[2019.11.04-21.21.13:570][  0]LogConfig: Setting CVar [[r.DOF.TemporalAAQuality:1                ; more stable temporal accumulation]]
[2019.11.04-21.21.13:570][  0]LogConfig: Setting CVar [[r.DOF.Kernel.MaxForegroundRadius:0.025]]
[2019.11.04-21.21.13:570][  0]LogConfig: Setting CVar [[r.DOF.Kernel.MaxBackgroundRadius:0.025]]
[2019.11.04-21.21.13:570][  0]LogConfig: Applying CVar settings from Section [TextureQuality@3] File [C:/Users/zerog/Documents/UnrealProj2/HonorAmongThieves/Saved/Config/Windows/Scalability.ini]
[2019.11.04-21.21.13:570][  0]LogConfig: Setting CVar [[r.Streaming.MipBias:0]]
[2019.11.04-21.21.13:570][  0]LogConfig: Setting CVar [[r.Streaming.AmortizeCPUToGPUCopy:0]]
[2019.11.04-21.21.13:570][  0]LogConfig: Setting CVar [[r.Streaming.MaxNumTexturesToStreamPerFrame:0]]
[2019.11.04-21.21.13:570][  0]LogConfig: Setting CVar [[r.Streaming.Boost:1]]
[2019.11.04-21.21.13:570][  0]LogConfig: Setting CVar [[r.MaxAnisotropy:8]]
[2019.11.04-21.21.13:570][  0]LogConfig: Setting CVar [[r.Streaming.LimitPoolSizeToVRAM:0]]
[2019.11.04-21.21.13:570][  0]LogConfig: Setting CVar [[r.Streaming.PoolSize:1000]]
[2019.11.04-21.21.13:570][  0]LogConfig: Setting CVar [[r.Streaming.MaxEffectiveScreenSize:0]]
[2019.11.04-21.21.13:570][  0]LogConfig: Applying CVar settings from Section [EffectsQuality@3] File [C:/Users/zerog/Documents/UnrealProj2/HonorAmongThieves/Saved/Config/Windows/Scalability.ini]
[2019.11.04-21.21.13:570][  0]LogConfig: Setting CVar [[r.TranslucencyLightingVolumeDim:64]]
[2019.11.04-21.21.13:570][  0]LogConfig: Setting CVar [[r.RefractionQuality:2]]
[2019.11.04-21.21.13:570][  0]LogConfig: Setting CVar [[r.SSR.Quality:3]]
[2019.11.04-21.21.13:570][  0]LogConfig: Setting CVar [[r.SceneColorFormat:4]]
[2019.11.04-21.21.13:570][  0]LogConfig: Setting CVar [[r.DetailMode:2]]
[2019.11.04-21.21.13:570][  0]LogConfig: Setting CVar [[r.TranslucencyVolumeBlur:1]]
[2019.11.04-21.21.13:570][  0]LogConfig: Setting CVar [[r.MaterialQualityLevel:1 ; High quality]]
[2019.11.04-21.21.13:570][  0]LogConfig: Setting CVar [[r.SSS.Scale:1]]
[2019.11.04-21.21.13:570][  0]LogConfig: Setting CVar [[r.SSS.SampleSet:2]]
[2019.11.04-21.21.13:570][  0]LogConfig: Setting CVar [[r.SSS.Quality:1]]
[2019.11.04-21.21.13:570][  0]LogConfig: Setting CVar [[r.SSS.HalfRes:1]]
[2019.11.04-21.21.13:570][  0]LogConfig: Setting CVar [[r.EmitterSpawnRateScale:1.0]]
[2019.11.04-21.21.13:570][  0]LogConfig: Setting CVar [[r.ParticleLightQuality:2]]
[2019.11.04-21.21.13:570][  0]LogConfig: Applying CVar settings from Section [FoliageQuality@3] File [C:/Users/zerog/Documents/UnrealProj2/HonorAmongThieves/Saved/Config/Windows/Scalability.ini]
[2019.11.04-21.21.13:570][  0]LogConfig: Setting CVar [[foliage.DensityScale:1.0]]
[2019.11.04-21.21.13:570][  0]LogConfig: Setting CVar [[grass.DensityScale:1.0]]
[2019.11.04-21.21.13:570][  0]LogInit: Selected Device Profile: [Windows]
[2019.11.04-21.21.13:570][  0]LogInit: Applying CVar settings loaded from the selected device profile: [Windows]
[2019.11.04-21.21.13:573][  0]LogHAL: Display: Platform has ~ 16 GB [16903041024 / 17179869184 / 16], which maps to Larger [LargestMinGB=32, LargerMinGB=12, DefaultMinGB=8, SmallerMinGB=6, SmallestMinGB=0)
[2019.11.04-21.21.13:573][  0]LogInit: Going up to parent DeviceProfile []
[2019.11.04-21.21.13:573][  0]LogConfig: Applying CVar settings from Section [ViewDistanceQuality@3] File [C:/Users/zerog/Documents/UnrealProj2/HonorAmongThieves/Saved/Config/Windows/Scalability.ini]
[2019.11.04-21.21.13:573][  0]LogConfig: Setting CVar [[r.SkeletalMeshLODBias:0]]
[2019.11.04-21.21.13:573][  0]LogConfig: Setting CVar [[r.ViewDistanceScale:1.0]]
[2019.11.04-21.21.13:573][  0]LogConfig: Applying CVar settings from Section [AntiAliasingQuality@3] File [C:/Users/zerog/Documents/UnrealProj2/HonorAmongThieves/Saved/Config/Windows/Scalability.ini]
[2019.11.04-21.21.13:573][  0]LogConfig: Setting CVar [[r.PostProcessAAQuality:4]]
[2019.11.04-21.21.13:573][  0]LogConfig: Applying CVar settings from Section [ShadowQuality@3] File [C:/Users/zerog/Documents/UnrealProj2/HonorAmongThieves/Saved/Config/Windows/Scalability.ini]
[2019.11.04-21.21.13:573][  0]LogConfig: Setting CVar [[r.LightFunctionQuality:1]]
[2019.11.04-21.21.13:573][  0]LogConfig: Setting CVar [[r.ShadowQuality:5]]
[2019.11.04-21.21.13:573][  0]LogConfig: Setting CVar [[r.Shadow.CSM.MaxCascades:10]]
[2019.11.04-21.21.13:573][  0]LogConfig: Setting CVar [[r.Shadow.MaxResolution:2048]]
[2019.11.04-21.21.13:573][  0]LogConfig: Setting CVar [[r.Shadow.MaxCSMResolution:2048]]
[2019.11.04-21.21.13:573][  0]LogConfig: Setting CVar [[r.Shadow.RadiusThreshold:0.01]]
[2019.11.04-21.21.13:573][  0]LogConfig: Setting CVar [[r.Shadow.DistanceScale:1.0]]
[2019.11.04-21.21.13:573][  0]LogConfig: Setting CVar [[r.Shadow.CSM.TransitionScale:1.0]]
[2019.11.04-21.21.13:573][  0]LogConfig: Setting CVar [[r.Shadow.PreShadowResolutionFactor:1.0]]
[2019.11.04-21.21.13:573][  0]LogConfig: Setting CVar [[r.DistanceFieldShadowing:1]]
[2019.11.04-21.21.13:573][  0]LogConfig: Setting CVar [[r.DistanceFieldAO:1]]
[2019.11.04-21.21.13:573][  0]LogConfig: Setting CVar [[r.AOQuality:2]]
[2019.11.04-21.21.13:573][  0]LogConfig: Setting CVar [[r.VolumetricFog:1]]
[2019.11.04-21.21.13:573][  0]LogConfig: Setting CVar [[r.VolumetricFog.GridPixelSize:8]]
[2019.11.04-21.21.13:573][  0]LogConfig: Setting CVar [[r.VolumetricFog.GridSizeZ:128]]
[2019.11.04-21.21.13:573][  0]LogConfig: Setting CVar [[r.VolumetricFog.HistoryMissSupersampleCount:4]]
[2019.11.04-21.21.13:573][  0]LogConfig: Setting CVar [[r.LightMaxDrawDistanceScale:1]]
[2019.11.04-21.21.13:574][  0]LogConfig: Setting CVar [[r.CapsuleShadows:1]]
[2019.11.04-21.21.13:574][  0]LogConfig: Applying CVar settings from Section [PostProcessQuality@3] File [C:/Users/zerog/Documents/UnrealProj2/HonorAmongThieves/Saved/Config/Windows/Scalability.ini]
[2019.11.04-21.21.13:574][  0]LogConfig: Setting CVar [[r.MotionBlurQuality:4]]
[2019.11.04-21.21.13:574][  0]LogConfig: Setting CVar [[r.AmbientOcclusionMipLevelFactor:0.4]]
[2019.11.04-21.21.13:574][  0]LogConfig: Setting CVar [[r.AmbientOcclusionMaxQuality:100]]
[2019.11.04-21.21.13:574][  0]LogConfig: Setting CVar [[r.AmbientOcclusionLevels:-1]]
[2019.11.04-21.21.13:574][  0]LogConfig: Setting CVar [[r.AmbientOcclusionRadiusScale:1.0]]
[2019.11.04-21.21.13:574][  0]LogConfig: Setting CVar [[r.DepthOfFieldQuality:2]]
[2019.11.04-21.21.13:574][  0]LogConfig: Setting CVar [[r.RenderTargetPoolMin:400]]
[2019.11.04-21.21.13:574][  0]LogConfig: Setting CVar [[r.LensFlareQuality:2]]
[2019.11.04-21.21.13:574][  0]LogConfig: Setting CVar [[r.SceneColorFringeQuality:1]]
[2019.11.04-21.21.13:574][  0]LogConfig: Setting CVar [[r.EyeAdaptationQuality:2]]
[2019.11.04-21.21.13:574][  0]LogConfig: Setting CVar [[r.BloomQuality:5]]
[2019.11.04-21.21.13:574][  0]LogConfig: Setting CVar [[r.FastBlurThreshold:100]]
[2019.11.04-21.21.13:574][  0]LogConfig: Setting CVar [[r.Upscale.Quality:3]]
[2019.11.04-21.21.13:574][  0]LogConfig: Setting CVar [[r.Tonemapper.GrainQuantization:1]]
[2019.11.04-21.21.13:574][  0]LogConfig: Setting CVar [[r.LightShaftQuality:1]]
[2019.11.04-21.21.13:574][  0]LogConfig: Setting CVar [[r.Filter.SizeScale:1]]
[2019.11.04-21.21.13:574][  0]LogConfig: Setting CVar [[r.Tonemapper.Quality:5]]
[2019.11.04-21.21.13:574][  0]LogConfig: Setting CVar [[r.DOF.Gather.AccumulatorQuality:1        ; higher gathering accumulator quality]]
[2019.11.04-21.21.13:574][  0]LogConfig: Setting CVar [[r.DOF.Gather.PostfilterMethod:1          ; Median3x3 postfilering method]]
[2019.11.04-21.21.13:574][  0]LogConfig: Setting CVar [[r.DOF.Gather.EnableBokehSettings:0       ; no bokeh simulation when gathering]]
[2019.11.04-21.21.13:574][  0]LogConfig: Setting CVar [[r.DOF.Gather.RingCount:4                 ; medium number of samples when gathering]]
[2019.11.04-21.21.13:574][  0]LogConfig: Setting CVar [[r.DOF.Scatter.ForegroundCompositing:1    ; additive foreground scattering]]
[2019.11.04-21.21.13:574][  0]LogConfig: Setting CVar [[r.DOF.Scatter.BackgroundCompositing:2    ; additive background scattering]]
[2019.11.04-21.21.13:574][  0]LogConfig: Setting CVar [[r.DOF.Scatter.EnableBokehSettings:1      ; bokeh simulation when scattering]]
[2019.11.04-21.21.13:574][  0]LogConfig: Setting CVar [[r.DOF.Scatter.MaxSpriteRatio:0.1         ; only a maximum of 10% of scattered bokeh]]
[2019.11.04-21.21.13:574][  0]LogConfig: Setting CVar [[r.DOF.Recombine.Quality:1                ; cheap slight out of focus]]
[2019.11.04-21.21.13:574][  0]LogConfig: Setting CVar [[r.DOF.Recombine.EnableBokehSettings:0    ; no bokeh simulation on slight out of focus]]
[2019.11.04-21.21.13:574][  0]LogConfig: Setting CVar [[r.DOF.TemporalAAQuality:1                ; more stable temporal accumulation]]
[2019.11.04-21.21.13:574][  0]LogConfig: Setting CVar [[r.DOF.Kernel.MaxForegroundRadius:0.025]]
[2019.11.04-21.21.13:574][  0]LogConfig: Setting CVar [[r.DOF.Kernel.MaxBackgroundRadius:0.025]]
[2019.11.04-21.21.13:574][  0]LogConfig: Applying CVar settings from Section [TextureQuality@3] File [C:/Users/zerog/Documents/UnrealProj2/HonorAmongThieves/Saved/Config/Windows/Scalability.ini]
[2019.11.04-21.21.13:574][  0]LogConfig: Setting CVar [[r.Streaming.MipBias:0]]
[2019.11.04-21.21.13:574][  0]LogConfig: Setting CVar [[r.Streaming.AmortizeCPUToGPUCopy:0]]
[2019.11.04-21.21.13:574][  0]LogConfig: Setting CVar [[r.Streaming.MaxNumTexturesToStreamPerFrame:0]]
[2019.11.04-21.21.13:574][  0]LogConfig: Setting CVar [[r.Streaming.Boost:1]]
[2019.11.04-21.21.13:574][  0]LogConfig: Setting CVar [[r.MaxAnisotropy:8]]
[2019.11.04-21.21.13:574][  0]LogConfig: Setting CVar [[r.Streaming.LimitPoolSizeToVRAM:0]]
[2019.11.04-21.21.13:574][  0]LogConfig: Setting CVar [[r.Streaming.PoolSize:1000]]
[2019.11.04-21.21.13:574][  0]LogConfig: Setting CVar [[r.Streaming.MaxEffectiveScreenSize:0]]
[2019.11.04-21.21.13:574][  0]LogConfig: Applying CVar settings from Section [EffectsQuality@3] File [C:/Users/zerog/Documents/UnrealProj2/HonorAmongThieves/Saved/Config/Windows/Scalability.ini]
[2019.11.04-21.21.13:574][  0]LogConfig: Setting CVar [[r.TranslucencyLightingVolumeDim:64]]
[2019.11.04-21.21.13:574][  0]LogConfig: Setting CVar [[r.RefractionQuality:2]]
[2019.11.04-21.21.13:574][  0]LogConfig: Setting CVar [[r.SSR.Quality:3]]
[2019.11.04-21.21.13:574][  0]LogConfig: Setting CVar [[r.SceneColorFormat:4]]
[2019.11.04-21.21.13:574][  0]LogConfig: Setting CVar [[r.DetailMode:2]]
[2019.11.04-21.21.13:574][  0]LogConfig: Setting CVar [[r.TranslucencyVolumeBlur:1]]
[2019.11.04-21.21.13:574][  0]LogConfig: Setting CVar [[r.MaterialQualityLevel:1 ; High quality]]
[2019.11.04-21.21.13:574][  0]LogConfig: Setting CVar [[r.SSS.Scale:1]]
[2019.11.04-21.21.13:574][  0]LogConfig: Setting CVar [[r.SSS.SampleSet:2]]
[2019.11.04-21.21.13:574][  0]LogConfig: Setting CVar [[r.SSS.Quality:1]]
[2019.11.04-21.21.13:574][  0]LogConfig: Setting CVar [[r.SSS.HalfRes:1]]
[2019.11.04-21.21.13:574][  0]LogConfig: Setting CVar [[r.EmitterSpawnRateScale:1.0]]
[2019.11.04-21.21.13:574][  0]LogConfig: Setting CVar [[r.ParticleLightQuality:2]]
[2019.11.04-21.21.13:574][  0]LogConfig: Applying CVar settings from Section [FoliageQuality@3] File [C:/Users/zerog/Documents/UnrealProj2/HonorAmongThieves/Saved/Config/Windows/Scalability.ini]
[2019.11.04-21.21.13:574][  0]LogConfig: Setting CVar [[foliage.DensityScale:1.0]]
[2019.11.04-21.21.13:574][  0]LogConfig: Setting CVar [[grass.DensityScale:1.0]]
[2019.11.04-21.21.13:574][  0]LogConfig: Applying CVar settings from Section [Startup] File [../../../Engine/Config/ConsoleVariables.ini]
[2019.11.04-21.21.13:574][  0]LogConfig: Setting CVar [[net.UseAdaptiveNetUpdateFrequency:0]]
[2019.11.04-21.21.13:574][  0]LogConfig: Setting CVar [[p.chaos.AllowCreatePhysxBodies:1]]
[2019.11.04-21.21.13:574][  0]LogConfig: Applying CVar settings from Section [ConsoleVariables] File [C:/Users/zerog/Documents/UnrealProj2/HonorAmongThieves/Saved/Config/Windows/Engine.ini]
[2019.11.04-21.21.13:575][  0]LogInit: Computer: DESKTOP-ET2PCTQ
[2019.11.04-21.21.13:575][  0]LogInit: User: zerog
[2019.11.04-21.21.13:575][  0]LogInit: CPU Page size=4096, Cores=6
[2019.11.04-21.21.13:575][  0]LogInit: High frequency timer resolution =10.000000 MHz
[2019.11.04-21.21.13:575][  0]LogMemory: Memory total: Physical=15.7GB (16GB approx)
[2019.11.04-21.21.13:575][  0]LogMemory: Platform Memory Stats for Windows
[2019.11.04-21.21.13:575][  0]LogMemory: Process Physical Memory: 101.00 MB used, 101.00 MB peak
[2019.11.04-21.21.13:575][  0]LogMemory: Process Virtual Memory: 89.39 MB used, 89.39 MB peak
[2019.11.04-21.21.13:575][  0]LogMemory: Physical Memory: 6121.27 MB used,  9998.73 MB free, 16120.00 MB total
[2019.11.04-21.21.13:575][  0]LogMemory: Virtual Memory: 4674.68 MB used,  134213056.00 MB free, 134217728.00 MB total
[2019.11.04-21.21.13:578][  0]LogWindows: WindowsPlatformFeatures enabled
[2019.11.04-21.21.13:608][  0]LogInit: Using OS detected language (en-US).
[2019.11.04-21.21.13:608][  0]LogInit: Using OS detected locale (en-US).
[2019.11.04-21.21.13:608][  0]LogTextLocalizationManager: No specific localization for 'en-US' exists, so the 'en' localization will be used.
[2019.11.04-21.21.13:762][  0]LogInit: Setting process to per monitor DPI aware
[2019.11.04-21.21.13:791][  0]LogSlate: New Slate User Created.  User Index 0, Is Virtual User: 0
[2019.11.04-21.21.13:791][  0]LogSlate: Slate User Registered.  User Index 0, Is Virtual User: 0
[2019.11.04-21.21.13:948][  0]LogHMD: Failed to initialize OpenVR with code 110
[2019.11.04-21.21.13:949][  0]LogD3D11RHI: D3D11 adapters:
[2019.11.04-21.21.13:996][  0]LogD3D11RHI:    0. 'NVIDIA Quadro P1000' (Feature Level 11_0)
[2019.11.04-21.21.13:996][  0]LogD3D11RHI:       4021/0/8059 MB DedicatedVideo/DedicatedSystem/SharedSystem, Outputs:1, VendorId:0x10de
[2019.11.04-21.21.14:011][  0]LogD3D11RHI:    1. 'Intel(R) UHD Graphics 630' (Feature Level 11_0)
[2019.11.04-21.21.14:011][  0]LogD3D11RHI:       128/0/8059 MB DedicatedVideo/DedicatedSystem/SharedSystem, Outputs:0, VendorId:0x8086
[2019.11.04-21.21.14:013][  0]LogD3D11RHI:    2. 'Microsoft Basic Render Driver' (Feature Level 11_0)
[2019.11.04-21.21.14:013][  0]LogD3D11RHI:       0/0/8059 MB DedicatedVideo/DedicatedSystem/SharedSystem, Outputs:0, VendorId:0x1414
[2019.11.04-21.21.14:013][  0]LogD3D11RHI: Chosen D3D11 Adapter: 0
[2019.11.04-21.21.14:041][  0]LogD3D11RHI: Creating new Direct3DDevice
[2019.11.04-21.21.14:041][  0]LogD3D11RHI:     GPU DeviceId: 0x1cbb (for the marketing name, search the web for "GPU Device Id")
[2019.11.04-21.21.14:041][  0]LogWindows: EnumDisplayDevices:
[2019.11.04-21.21.14:041][  0]LogWindows:    0. 'Intel(R) UHD Graphics 630' (P:1 D:1)
[2019.11.04-21.21.14:041][  0]LogWindows:    1. 'Intel(R) UHD Graphics 630' (P:0 D:0)
[2019.11.04-21.21.14:041][  0]LogWindows:    2. 'Intel(R) UHD Graphics 630' (P:0 D:0)
[2019.11.04-21.21.14:041][  0]LogWindows: DebugString: PrimaryIsNotTheChoosenAdapter PrimaryIsNotTheChoosenAdapter PrimaryIsNotTheChoosenAdapter FoundDriverCount:0 
[2019.11.04-21.21.14:042][  0]LogD3D11RHI:     Adapter Name: NVIDIA Quadro P1000
[2019.11.04-21.21.14:042][  0]LogD3D11RHI:   Driver Version: Unknown (internal:Unknown, unified:Unknown)
[2019.11.04-21.21.14:042][  0]LogD3D11RHI:      Driver Date: Unknown
[2019.11.04-21.21.14:042][  0]LogRHI: Texture pool is 2814 MB (70% of 4021 MB)
[2019.11.04-21.21.14:072][  0]LogD3D11RHI: Async texture creation enabled
[2019.11.04-21.21.14:088][  0]LogD3D11RHI: GPU Timing Frequency: 1000.000000 (Debug: 2 2)
[2019.11.04-21.21.14:371][  0]LogTemp: Display: Module 'AllDesktopTargetPlatform' loaded TargetPlatform 'AllDesktop'
[2019.11.04-21.21.14:379][  0]LogTemp: Display: Module 'MacClientTargetPlatform' loaded TargetPlatform 'MacClient'
[2019.11.04-21.21.14:387][  0]LogTemp: Display: Module 'MacNoEditorTargetPlatform' loaded TargetPlatform 'MacNoEditor'
[2019.11.04-21.21.14:396][  0]LogTemp: Display: Module 'MacServerTargetPlatform' loaded TargetPlatform 'MacServer'
[2019.11.04-21.21.14:404][  0]LogTemp: Display: Module 'MacTargetPlatform' loaded TargetPlatform 'Mac'
[2019.11.04-21.21.14:413][  0]LogTemp: Display: Module 'WindowsClientTargetPlatform' loaded TargetPlatform 'WindowsClient'
[2019.11.04-21.21.14:421][  0]LogTemp: Display: Module 'WindowsNoEditorTargetPlatform' loaded TargetPlatform 'WindowsNoEditor'
[2019.11.04-21.21.14:430][  0]LogTemp: Display: Module 'WindowsServerTargetPlatform' loaded TargetPlatform 'WindowsServer'
[2019.11.04-21.21.14:434][  0]LogTemp: Display: Module 'WindowsTargetPlatform' loaded TargetPlatform 'Windows'
[2019.11.04-21.21.14:464][  0]LogTemp: Display: Module 'AndroidTargetPlatform' loaded TargetPlatform 'Android'
[2019.11.04-21.21.14:464][  0]LogTemp: Display: Module 'AndroidTargetPlatform' loaded TargetPlatform 'Android_ASTC'
[2019.11.04-21.21.14:464][  0]LogTemp: Display: Module 'AndroidTargetPlatform' loaded TargetPlatform 'Android_ATC'
[2019.11.04-21.21.14:464][  0]LogTemp: Display: Module 'AndroidTargetPlatform' loaded TargetPlatform 'Android_DXT'
[2019.11.04-21.21.14:464][  0]LogTemp: Display: Module 'AndroidTargetPlatform' loaded TargetPlatform 'Android_ETC1'
[2019.11.04-21.21.14:464][  0]LogTemp: Display: Module 'AndroidTargetPlatform' loaded TargetPlatform 'Android_ETC1a'
[2019.11.04-21.21.14:464][  0]LogTemp: Display: Module 'AndroidTargetPlatform' loaded TargetPlatform 'Android_ETC2'
[2019.11.04-21.21.14:464][  0]LogTemp: Display: Module 'AndroidTargetPlatform' loaded TargetPlatform 'Android_PVRTC'
[2019.11.04-21.21.14:464][  0]LogTemp: Display: Module 'AndroidTargetPlatform' loaded TargetPlatform 'AndroidClient'
[2019.11.04-21.21.14:464][  0]LogTemp: Display: Module 'AndroidTargetPlatform' loaded TargetPlatform 'Android_ASTCClient'
[2019.11.04-21.21.14:464][  0]LogTemp: Display: Module 'AndroidTargetPlatform' loaded TargetPlatform 'Android_ATCClient'
[2019.11.04-21.21.14:465][  0]LogTemp: Display: Module 'AndroidTargetPlatform' loaded TargetPlatform 'Android_DXTClient'
[2019.11.04-21.21.14:465][  0]LogTemp: Display: Module 'AndroidTargetPlatform' loaded TargetPlatform 'Android_ETC1Client'
[2019.11.04-21.21.14:465][  0]LogTemp: Display: Module 'AndroidTargetPlatform' loaded TargetPlatform 'Android_ETC1aClient'
[2019.11.04-21.21.14:465][  0]LogTemp: Display: Module 'AndroidTargetPlatform' loaded TargetPlatform 'Android_ETC2Client'
[2019.11.04-21.21.14:465][  0]LogTemp: Display: Module 'AndroidTargetPlatform' loaded TargetPlatform 'Android_PVRTCClient'
[2019.11.04-21.21.14:465][  0]LogTemp: Display: Module 'AndroidTargetPlatform' loaded TargetPlatform 'Android_Multi'
[2019.11.04-21.21.14:465][  0]LogTemp: Display: Module 'AndroidTargetPlatform' loaded TargetPlatform 'Android_MultiClient'
[2019.11.04-21.21.14:468][  0]LogTemp: Display: Module 'HTML5TargetPlatform' loaded TargetPlatform 'HTML5'
[2019.11.04-21.21.14:486][  0]LogTemp: Display: Module 'IOSTargetPlatform' loaded TargetPlatform 'IOSClient'
[2019.11.04-21.21.14:486][  0]LogTemp: Display: Module 'IOSTargetPlatform' loaded TargetPlatform 'IOS'
[2019.11.04-21.21.14:499][  0]LogTemp: Display: Module 'TVOSTargetPlatform' loaded TargetPlatform 'TVOSClient'
[2019.11.04-21.21.14:499][  0]LogTemp: Display: Module 'TVOSTargetPlatform' loaded TargetPlatform 'TVOS'
[2019.11.04-21.21.14:506][  0]LogTemp: Display: Module 'LinuxClientTargetPlatform' loaded TargetPlatform 'LinuxClient'
[2019.11.04-21.21.14:514][  0]LogTemp: Display: Module 'LinuxNoEditorTargetPlatform' loaded TargetPlatform 'LinuxNoEditor'
[2019.11.04-21.21.14:521][  0]LogTemp: Display: Module 'LinuxServerTargetPlatform' loaded TargetPlatform 'LinuxServer'
[2019.11.04-21.21.14:530][  0]LogTemp: Display: Module 'LinuxTargetPlatform' loaded TargetPlatform 'Linux'
[2019.11.04-21.21.14:553][  0]LogTemp: Display: Module 'LuminTargetPlatform' loaded TargetPlatform 'Lumin'
[2019.11.04-21.21.14:553][  0]LogTemp: Display: Module 'LuminTargetPlatform' loaded TargetPlatform 'LuminClient'
[2019.11.04-21.21.14:553][  0]LogTargetPlatformManager: Display: Building Assets For Windows
[2019.11.04-21.21.14:562][  0]LogAudioDebug: Display: Lib vorbis DLL was dynamically loaded.
[2019.11.04-21.21.14:616][  0]LogShaderCompilers: Guid format shader working directory is -24 characters bigger than the processId version (../../../../../../Users/zerog/Documents/UnrealProj2/HonorAmongThieves/Intermediate/Shaders/WorkingDirectory/21340/).
[2019.11.04-21.21.14:617][  0]LogShaderCompilers: Cleaned the shader compiler working directory 'C:/Users/zerog/AppData/Local/Temp/UnrealShaderWorkingDir/D91150934C4828FD5B6DF99663C3428A/'.
[2019.11.04-21.21.14:618][  0]LogXGEController: Cleaning working directory: C:/Users/zerog/AppData/Local/Temp/UnrealXGEWorkingDir/
[2019.11.04-21.21.14:618][  0]LogXGEController: Cannot use XGE Controller as Incredibuild is not installed on this machine.
[2019.11.04-21.21.14:618][  0]LogShaderCompilers: Cannot use XGE Shader Compiler as Incredibuild is not installed on this machine.
[2019.11.04-21.21.14:618][  0]LogShaderCompilers: Display: Using Local Shader Compiler.
[2019.11.04-21.21.15:148][  0]LogDerivedDataCache: Display: Max Cache Size: 512 MB
[2019.11.04-21.21.15:188][  0]LogDerivedDataCache: Loaded boot cache 0.04s 73MB C:/Users/zerog/AppData/Local/UnrealEngine/4.23/DerivedDataCache/Boot.ddc.
[2019.11.04-21.21.15:188][  0]LogDerivedDataCache: Display: Loaded Boot cache: C:/Users/zerog/AppData/Local/UnrealEngine/4.23/DerivedDataCache/Boot.ddc
[2019.11.04-21.21.15:188][  0]LogDerivedDataCache: FDerivedDataBackendGraph:  Pak pak cache file ../../../../../../Users/zerog/Documents/UnrealProj2/HonorAmongThieves/DerivedDataCache/DDC.ddp not found, will not use a pak cache.
[2019.11.04-21.21.15:188][  0]LogDerivedDataCache: Unable to find inner node Pak for hierarchical cache Hierarchy.
[2019.11.04-21.21.15:188][  0]LogDerivedDataCache: FDerivedDataBackendGraph:  CompressedPak pak cache file ../../../../../../Users/zerog/Documents/UnrealProj2/HonorAmongThieves/DerivedDataCache/Compressed.ddp not found, will not use a pak cache.
[2019.11.04-21.21.15:188][  0]LogDerivedDataCache: Unable to find inner node CompressedPak for hierarchical cache Hierarchy.
[2019.11.04-21.21.15:198][  0]LogDerivedDataCache: Display: Pak cache opened for reading ../../../Engine/DerivedDataCache/Compressed.ddp.
[2019.11.04-21.21.15:198][  0]LogDerivedDataCache: FDerivedDataBackendGraph:  EnterprisePak pak cache file ../../../Enterprise/DerivedDataCache/Compressed.ddp not found, will not use a pak cache.
[2019.11.04-21.21.15:198][  0]LogDerivedDataCache: Unable to find inner node EnterprisePak for hierarchical cache Hierarchy.
[2019.11.04-21.21.15:199][  0]LogDerivedDataCache: Using Local data cache path C:/Users/zerog/AppData/Local/UnrealEngine/Common/DerivedDataCache: Writable
[2019.11.04-21.21.15:199][  0]LogDerivedDataCache: Shared data cache path not found in *engine.ini, will not use an Shared cache.
[2019.11.04-21.21.15:199][  0]LogDerivedDataCache: Unable to find inner node Shared for hierarchical cache Hierarchy.
[2019.11.04-21.21.15:217][  0]LogMaterial: Verifying Global Shaders for PCD3D_SM5
[2019.11.04-21.21.15:219][  0]LogSlate: Using FreeType 2.6.0
[2019.11.04-21.21.15:219][  0]LogSlate: SlateFontServices - WITH_FREETYPE: 1, WITH_HARFBUZZ: 1
[2019.11.04-21.21.15:266][  0]LogAssetRegistry: FAssetRegistry took 0.0021 seconds to start up
[2019.11.04-21.21.15:493][  0]LogInit: Selected Device Profile: [Windows]
[2019.11.04-21.21.15:625][  0]LogMeshReduction: Using QuadricMeshReduction for automatic static mesh reduction
[2019.11.04-21.21.15:625][  0]LogMeshReduction: Using SimplygonMeshReduction for automatic skeletal mesh reduction
[2019.11.04-21.21.15:625][  0]LogMeshReduction: Using ProxyLODMeshReduction for automatic mesh merging
[2019.11.04-21.21.15:625][  0]LogMeshReduction: No distributed automatic mesh merging module available
[2019.11.04-21.21.15:625][  0]LogMeshMerging: No distributed automatic mesh merging module available
[2019.11.04-21.21.15:633][  0]LogNetVersion: HonorAmongThieves 1.0.0, NetCL: 8386587, EngineNetVer: 11, GameNetVer: 0 (Checksum: 3324579918)
[2019.11.04-21.21.15:968][  0]LogPackageLocalizationCache: Processed 12 localized package path(s) for 1 prioritized culture(s) in 0.037225 seconds
[2019.11.04-21.21.15:974][  0]LogUObjectArray: 43444 objects as part of root set at end of initial load.
[2019.11.04-21.21.15:974][  0]LogUObjectAllocator: 7548648 out of 0 bytes used by permanent object pool.
[2019.11.04-21.21.15:974][  0]LogUObjectArray: CloseDisregardForGC: 0/0 objects in disregard for GC pool
[2019.11.04-21.21.16:727][  0]LogTcpMessaging: Initializing TcpMessaging bridge
[2019.11.04-21.21.16:731][  0]LogUdpMessaging: Initializing bridge on interface 0.0.0.0:0 to multicast group 230.0.0.1:6666.
[2019.11.04-21.21.16:797][  0]SourceControl: Source control is disabled
[2019.11.04-21.21.16:797][  0]SourceControl: Source control is disabled
[2019.11.04-21.21.16:800][  0]SourceControl: Source control is disabled
[2019.11.04-21.21.16:802][  0]SourceControl: Source control is disabled
[2019.11.04-21.21.16:928][  0]LogAndroidPermission: UAndroidPermissionCallbackProxy::GetInstance
[2019.11.04-21.21.17:055][  0]LogOcInput: OculusInput pre-init called
[2019.11.04-21.21.17:065][  0]LogWindows: Failed to load 'OVRPlugin.dll' (GetLastError=126)
[2019.11.04-21.21.17:065][  0]LogWindows: File 'OVRPlugin.dll' does not exist
[2019.11.04-21.21.17:141][  0]LogEngine: Initializing Engine...
[2019.11.04-21.21.17:142][  0]LogHMD: Failed to initialize OpenVR with code 110
[2019.11.04-21.21.17:143][  0]LogStats: UGameplayTagsManager::InitializeManager -  0.000 s
[2019.11.04-21.21.17:359][  0]LogInit: Initializing FReadOnlyCVARCache
[2019.11.04-21.21.17:372][  0]LogAIModule: Creating AISystem for world Untitled
[2019.11.04-21.21.17:382][  0]LogInit: XAudio2 using 'Speakers/Headphones (Realtek(R) Audio)' : 2 channels at 48 kHz using 32 bits per sample (channel mask 0x3)
[2019.11.04-21.21.17:997][  0]LogInit: FAudioDevice initialized.
[2019.11.04-21.21.17:997][  0]LogNetVersion: Set ProjectVersion to 1.0.0.0. Version Checksum will be recalculated on next use.
[2019.11.04-21.21.18:047][  0]LogDerivedDataCache: Saved boot cache 0.05s 73MB C:/Users/zerog/AppData/Local/UnrealEngine/4.23/DerivedDataCache/Boot.ddc.
[2019.11.04-21.21.18:050][  0]LogInit: Texture streaming: Enabled
[2019.11.04-21.21.18:071][  0]LogEngineSessionManager: EngineSessionManager initialized
[2019.11.04-21.21.18:071][  0]LogEditorSessionSummary: Verbose: Initializing EditorSessionSummaryWriter for editor session tracking
[2019.11.04-21.21.18:075][  0]LogEditorSessionSummary: EditorSessionSummaryWriter initialized
[2019.11.04-21.21.18:120][  0]LogInit: Transaction tracking system initialized
[2019.11.04-21.21.18:152][  0]BlueprintLog: New page: Editor Load
[2019.11.04-21.21.18:233][  0]LocalizationService: Localization service is disabled
[2019.11.04-21.21.18:286][  0]LogLinker: Warning: Failed to load '/Game/ThirdPersonBP/ThirdPersonOverview': Can't find file.
[2019.11.04-21.21.18:286][  0]LogLinker: Warning: Failed to load '/Game/ThirdPersonBP/ThirdPersonOverview': Can't find file.
[2019.11.04-21.21.18:286][  0]LogUObjectGlobals: Warning: Failed to find object 'Class /Game/ThirdPersonBP/ThirdPersonOverview.ThirdPersonOverview_C'
[2019.11.04-21.21.18:505][  0]LogFileCache: Scanning file cache for directory 'C:/Users/zerog/Documents/UnrealProj2/HonorAmongThieves/Content/' took 0.01s
[2019.11.04-21.21.18:505][  0]LogCook: Display: Max memory allowance for cook 16384mb min free memory 0mb
[2019.11.04-21.21.18:505][  0]LogCook: Display: Mobile HDR setting 1
[2019.11.04-21.21.18:714][  0]SourceControl: Source control is disabled
[2019.11.04-21.21.18:714][  0]Cmd: MAP LOAD FILE="../../../../../../Users/zerog/Documents/UnrealProj2/HonorAmongThieves/Content/FirstPersonBP/Maps/FirstPersonExampleMap.umap" TEMPLATE=0 SHOWPROGRESS=1 FEATURELEVEL=3
[2019.11.04-21.21.18:714][  0]LightingResults: New page: Lighting Build
[2019.11.04-21.21.18:716][  0]LogWorld: UWorld::CleanupWorld for Untitled, bSessionEnded=true, bCleanupResources=true
[2019.11.04-21.21.18:716][  0]MapCheck: New page: Map Check
[2019.11.04-21.21.18:716][  0]LightingResults: New page: Lighting Build
[2019.11.04-21.21.18:743][  0]LogUObjectHash: Compacting FUObjectHashTables data took   1.38ms
[2019.11.04-21.21.19:157][  0]LogAIModule: Creating AISystem for world FirstPersonExampleMap
[2019.11.04-21.21.19:172][  0]LogEditorServer: Finished looking for orphan Actors (0.000 secs)
[2019.11.04-21.21.19:200][  0]LogUObjectHash: Compacting FUObjectHashTables data took   1.80ms
[2019.11.04-21.21.19:200][  0]Cmd: MAP CHECKDEP NOCLEARLOG
[2019.11.04-21.21.19:200][  0]MapCheck: Map check complete: 0 Error(s), 0 Warning(s), took 0.132ms to complete.
[2019.11.04-21.21.19:200][  0]LogFileHelpers: Loading map 'FirstPersonExampleMap' took 0.487
[2019.11.04-21.21.19:284][  0]LogSlate: Updating window title bar state: overlay mode, drag disabled, window buttons hidden, title bar hidden
[2019.11.04-21.21.19:290][  0]LogSlate: Updating window title bar state: overlay mode, drag disabled, window buttons hidden, title bar hidden
[2019.11.04-21.21.19:296][  0]LogSlate: Updating window title bar state: overlay mode, drag disabled, window buttons hidden, title bar hidden
[2019.11.04-21.21.19:302][  0]LogSlate: Updating window title bar state: overlay mode, drag disabled, window buttons hidden, title bar hidden
[2019.11.04-21.21.19:308][  0]LogCollectionManager: Loaded 0 collections in 0.000979 seconds
[2019.11.04-21.21.19:312][  0]LogFileCache: Scanning file cache for directory 'C:/Users/zerog/Documents/UnrealProj2/HonorAmongThieves/Saved/Collections/' took 0.00s
[2019.11.04-21.21.19:313][  0]LogFileCache: Scanning file cache for directory 'C:/Users/zerog/Documents/UnrealProj2/HonorAmongThieves/Content/Developers/zerog/Collections/' took 0.00s
[2019.11.04-21.21.19:313][  0]LogFileCache: Scanning file cache for directory 'C:/Users/zerog/Documents/UnrealProj2/HonorAmongThieves/Content/Collections/' took 0.00s
[2019.11.04-21.21.19:313][  0]LogCollectionManager: Rebuilt the GUID cache for 0 collections in 0.000001 seconds
[2019.11.04-21.21.19:319][  0]LogContentBrowser: Native class hierarchy populated in 0.0065 seconds. Added 2863 classes and 680 folders.
[2019.11.04-21.21.19:323][  0]LogContentBrowser: Native class hierarchy updated for 'WidgetCarousel' in 0.0002 seconds. Added 0 classes and 0 folders.
[2019.11.04-21.21.19:359][  0]LogContentBrowser: Native class hierarchy updated for 'AddContentDialog' in 0.0002 seconds. Added 0 classes and 0 folders.
[2019.11.04-21.21.19:363][  0]LogContentBrowser: Native class hierarchy updated for 'SceneOutliner' in 0.0002 seconds. Added 1 classes and 2 folders.
[2019.11.04-21.21.20:176][  0]LogSlate: Only BGRA pngs, bmps or icos are supported in by External Image Picker
[2019.11.04-21.21.20:207][  0]LogSlate: Took 0.000179 seconds to synchronously load lazily loaded font '../../../Engine/Content/Slate/Fonts/Roboto-Regular.ttf' (155K)
[2019.11.04-21.21.20:209][  0]LogSlate: Took 0.000163 seconds to synchronously load lazily loaded font '../../../Engine/Content/Slate/Fonts/Roboto-Bold.ttf' (160K)
[2019.11.04-21.21.20:213][  0]LogSlate: Took 0.000148 seconds to synchronously load lazily loaded font '../../../Engine/Content/Editor/Slate/Fonts/FontAwesome.ttf' (139K)
[2019.11.04-21.21.20:264][  0]LogRenderer: Reallocating scene render targets to support 836x436 Format 10 NumSamples 1 (Frame:1).
[2019.11.04-21.21.20:328][  0]LogContentBrowser: Native class hierarchy updated for 'HierarchicalLODOutliner' in 0.0002 seconds. Added 0 classes and 0 folders.
[2019.11.04-21.21.20:328][  0]LogLoad: (Engine Initialization) Total time: 7.81 seconds
[2019.11.04-21.21.20:328][  0]LogLoad: (Engine Initialization) Total Blueprint compile time: 0.00 seconds
[2019.11.04-21.21.20:446][  0]LogAssetRegistry: Asset discovery search completed in 5.1801 seconds
[2019.11.04-21.21.20:449][  0]LogCollectionManager: Rebuilt the object cache for 0 collections in 0.000003 seconds (found 0 objects)
[2019.11.04-21.21.20:449][  0]LogCollectionManager: Fixed up redirectors for 0 collections in 0.000042 seconds (updated 0 objects)
[2019.11.04-21.21.20:450][  0]LogContentStreaming: Texture pool size now 1000 MB
[2019.11.04-21.21.20:478][  0]LogSlate: Took 0.000097 seconds to synchronously load lazily loaded font '../../../Engine/Content/Slate/Fonts/Roboto-Light.ttf' (167K)
[2019.11.04-21.22.21:376][290]LogSlate: FSceneViewport::OnFocusLost() reason 0
[2019.11.04-21.22.21:544][309]LogSlate: Took 0.000129 seconds to synchronously load lazily loaded font '../../../Engine/Content/Slate/Fonts/Roboto-Light.ttf' (167K)
[2019.11.04-21.22.21:577][309]LogAIModule: Creating AISystem for world level0
[2019.11.04-21.22.21:583][309]LogAssetEditorManager: Opening Asset editor for World /Game/Maps/level0.level0
[2019.11.04-21.22.21:609][309]LogUObjectHash: Compacting FUObjectHashTables data took   1.04ms
[2019.11.04-21.22.21:609][309]Cmd: MAP LOAD FILE="../../../../../../Users/zerog/Documents/UnrealProj2/HonorAmongThieves/Content/Maps/level0.umap" TEMPLATE=0 SHOWPROGRESS=1 FEATURELEVEL=3
[2019.11.04-21.22.21:609][309]LightingResults: New page: Lighting Build
[2019.11.04-21.22.21:610][309]LoadErrors: New page: Loading map: level0.umap
[2019.11.04-21.22.21:610][309]LogWorld: UWorld::CleanupWorld for FirstPersonExampleMap, bSessionEnded=true, bCleanupResources=true
[2019.11.04-21.22.21:610][309]MapCheck: New page: Map Check
[2019.11.04-21.22.21:610][309]LightingResults: New page: Lighting Build
[2019.11.04-21.22.21:638][309]LogUObjectHash: Compacting FUObjectHashTables data took   1.60ms
[2019.11.04-21.22.21:641][309]LogEditorServer: Finished looking for orphan Actors (0.000 secs)
[2019.11.04-21.22.21:666][309]LogUObjectHash: Compacting FUObjectHashTables data took   1.29ms
[2019.11.04-21.22.21:682][309]Cmd: MAP CHECKDEP NOCLEARLOG
[2019.11.04-21.22.21:683][309]MapCheck: Map check complete: 0 Error(s), 0 Warning(s), took 0.165ms to complete.
[2019.11.04-21.22.21:683][309]LogFileHelpers: Loading map 'level0' took 0.074
[2019.11.04-21.22.30:906][407]LogEditorViewport: Clicking on Actor (LMB): SkeletalMeshActor (SK_Mannequin2)
[2019.11.04-21.22.33:841][744]LogSlate: FSceneViewport::OnFocusLost() reason 0
[2019.11.04-21.22.40:021][393]LogSlate: Window 'Select Path' being destroyed
[2019.11.04-21.22.40:057][393]LogUObjectHash: Compacting FUObjectHashTables data took   1.45ms
[2019.11.04-21.22.40:090][393]LogAssetEditorManager: Opening Asset editor for Blueprint /Game/SK_Mannequin2_Blueprint.SK_Mannequin2_Blueprint
[2019.11.04-21.22.40:302][393]LogContentBrowser: Native class hierarchy updated for 'BlueprintGraph' in 0.0004 seconds. Added 121 classes and 0 folders.
[2019.11.04-21.22.44:965][781]LogRenderer: Reallocating scene render targets to support 912x540 Format 10 NumSamples 1 (Frame:201).
[2019.11.04-21.22.55:647][919]LogSlate: Took 0.000169 seconds to synchronously load lazily loaded font '../../../Engine/Content/Slate/Fonts/Roboto-Italic.ttf' (157K)
[2019.11.04-21.23.18:082][813]BlueprintLog: New page: Compile SK_Mannequin2_Blueprint
[2019.11.04-21.23.18:302][813]LogUObjectHash: Compacting FUObjectHashTables data took   3.12ms
[2019.11.04-21.23.19:885][986]Cmd: OBJ SAVEPACKAGE PACKAGE="/Game/SK_Mannequin2_Blueprint" FILE="../../../../../../Users/zerog/Documents/UnrealProj2/HonorAmongThieves/Content/SK_Mannequin2_Blueprint.uasset" SILENT=true
[2019.11.04-21.23.19:898][986]LogSavePackage: Moving '../../../../../../Users/zerog/Documents/UnrealProj2/HonorAmongThieves/Saved/SK_Mannequin2_BlueprintD7F56F74450C5BE4AE80A09E9FB9F845.tmp' to '../../../../../../Users/zerog/Documents/UnrealProj2/HonorAmongThieves/Content/SK_Mannequin2_Blueprint.uasset'
[2019.11.04-21.23.25:187][470]LogEditorViewport: Clicking on Actor (LMB): StaticMeshActor (Floor)
[2019.11.04-21.23.27:628][711]LogSlate: FSceneViewport::OnFocusLost() reason 0
[2019.11.04-21.23.37:860][932]LogEditorViewport: Clicking on Actor (LMB): SK_Mannequin2_Blueprint_C (SK_Mannequin2_Blueprint)
[2019.11.04-21.23.59:613][537]LogSlate: FSceneViewport::OnFocusLost() reason 0
[2019.11.04-21.23.59:738][552]LogTemp: Repeating last play command: Selected Viewport
[2019.11.04-21.23.59:753][552]LogBlueprintUserMessages: Early PlayInEditor Detection: Level '/Game/Maps/level0.level0:PersistentLevel' has LevelScriptBlueprint '/Game/Maps/level0.level0:PersistentLevel.level0' with GeneratedClass '/Game/Maps/level0.level0_C' with ClassGeneratedBy '/Game/Maps/level0.level0:PersistentLevel.level0'
[2019.11.04-21.23.59:753][552]LogPlayLevel: PlayLevel: No blueprints needed recompiling
[2019.11.04-21.23.59:753][552]PIE: New page: PIE session: level0 (Nov 4, 2019, 11:23:59 AM)
[2019.11.04-21.23.59:754][552]LogOnline: OSS: Creating online subsystem instance for: NULL
[2019.11.04-21.23.59:755][552]LogPlayLevel: Creating play world package: /Game/Maps/UEDPIE_0_level0
[2019.11.04-21.23.59:758][552]LogPlayLevel: PIE: StaticDuplicateObject took: (0.002811s)
[2019.11.04-21.23.59:759][552]LogAIModule: Creating AISystem for world level0
[2019.11.04-21.23.59:759][552]LogPlayLevel: PIE: World Init took: (0.001080s)
[2019.11.04-21.23.59:759][552]LogPlayLevel: PIE: Created PIE world by copying editor world from /Game/Maps/level0.level0 to /Game/Maps/UEDPIE_0_level0.level0 (0.004176s)
[2019.11.04-21.23.59:801][552]LogUObjectHash: Compacting FUObjectHashTables data took   2.91ms
[2019.11.04-21.23.59:807][552]LogInit: XAudio2 using 'Speakers/Headphones (Realtek(R) Audio)' : 2 channels at 48 kHz using 32 bits per sample (channel mask 0x3)
[2019.11.04-21.23.59:892][552]LogInit: FAudioDevice initialized.
[2019.11.04-21.23.59:907][552]LogLoad: Game class is 'FirstPersonGameMode_C'
[2019.11.04-21.23.59:910][552]LogWorld: Bringing World /Game/Maps/UEDPIE_0_level0.level0 up for play (max tick rate 0) at 2019.11.04-16.23.59
[2019.11.04-21.23.59:910][552]LogWorld: Bringing up level for play took: 0.001677
[2019.11.04-21.23.59:910][552]LogOnline: OSS: Creating online subsystem instance for: :Context_6
[2019.11.04-21.23.59:918][552]LogContentBrowser: Native class hierarchy updated for 'MovieSceneCapture' in 0.0003 seconds. Added 20 classes and 0 folders.
[2019.11.04-21.23.59:921][552]PIE: Play in editor start time for /Game/Maps/UEDPIE_0_level0 -0.188
[2019.11.04-21.23.59:921][552]LogBlueprintUserMessages: Late PlayInEditor Detection: Level '/Game/Maps/level0.level0:PersistentLevel' has LevelScriptBlueprint '/Game/Maps/level0.level0:PersistentLevel.level0' with GeneratedClass '/Game/Maps/level0.level0_C' with ClassGeneratedBy '/Game/Maps/level0.level0:PersistentLevel.level0'
[2019.11.04-21.24.08:591][551]LogSpawn: Warning: SpawnActor failed because of collision at the spawn location [X=1265.055 Y=-1278.536 Z=147.431] for [FirstPersonProjectile_C]
[2019.11.04-21.24.08:916][590]LogSpawn: Warning: SpawnActor failed because of collision at the spawn location [X=1265.035 Y=-1278.299 Z=147.335] for [FirstPersonProjectile_C]
[2019.11.04-21.24.09:982][718]LogBlueprintUserMessages: Early EndPlayMap Detection: Level '/Game/Maps/level0.level0:PersistentLevel' has LevelScriptBlueprint '/Game/Maps/level0.level0:PersistentLevel.level0' with GeneratedClass '/Game/Maps/level0.level0_C' with ClassGeneratedBy '/Game/Maps/level0.level0:PersistentLevel.level0'
[2019.11.04-21.24.09:982][718]LogSlate: Updating window title bar state: overlay mode, drag disabled, window buttons hidden, title bar hidden
[2019.11.04-21.24.09:982][718]LogWorld: BeginTearingDown for /Game/Maps/UEDPIE_0_level0
[2019.11.04-21.24.09:982][718]LogWorld: UWorld::CleanupWorld for level0, bSessionEnded=true, bCleanupResources=true
[2019.11.04-21.24.09:990][718]LogPlayLevel: Display: Shutting down PIE online subsystems
[2019.11.04-21.24.09:991][718]LogBlueprintUserMessages: Late EndPlayMap Detection: Level '/Game/Maps/level0.level0:PersistentLevel' has LevelScriptBlueprint '/Game/Maps/level0.level0:PersistentLevel.level0' with GeneratedClass '/Game/Maps/level0.level0_C' with ClassGeneratedBy '/Game/Maps/level0.level0:PersistentLevel.level0'
[2019.11.04-21.24.10:031][718]LogSlate: Updating window title bar state: overlay mode, drag disabled, window buttons hidden, title bar hidden
[2019.11.04-21.24.10:049][718]LogUObjectHash: Compacting FUObjectHashTables data took   3.44ms
[2019.11.04-21.24.10:086][721]LogPlayLevel: Display: Destroying online subsystem :Context_6
[2019.11.04-21.24.16:014][427]LogEditorViewport: Clicking on Actor (LMB): SK_Mannequin2_Blueprint_C (SK_Mannequin2_Blueprint)
[2019.11.04-21.24.25:662][549]LogSlate: FSceneViewport::OnFocusLost() reason 2
[2019.11.04-21.24.27:950][768]LogSlate: FSceneViewport::OnFocusLost() reason 5
[2019.11.04-21.24.27:952][768]LogAssetEditorManager: Opening Asset editor for LevelScriptBlueprint /Game/Maps/level0.level0:PersistentLevel.level0
[2019.11.04-21.24.28:242][768]LogSlate: Took 0.000169 seconds to synchronously load lazily loaded font '../../../Engine/Content/Slate/Fonts/Roboto-BoldCondensed.ttf' (158K)
[2019.11.04-21.25.11:645][698]LogSlate: FSceneViewport::OnFocusLost() reason 0
[2019.11.04-21.25.19:120][540]LogHttp: Warning: 000002C8CA235440: invalid HTTP response code received. URL: https://datarouter.ol.epicgames.com/datarouter/api/v1/public/data?SessionID=%7B7EA85E6E-448D-7A9E-60F2-D5B59FCBACEB%7D&AppID=UEEditor.Rocket.Release&AppVersion=4.23.1-9631420%2B%2B%2BUE4%2BRelease-4.23&UserID=4ea96d7f4fd06de91f769387cb4cf69e%7C77ad20ecdc81486fa93f7710f4ea0988%7Cbb0d093e-9d80-4c78-be71-a41a2c443568&AppEnvironment=datacollector-binary&UploadType=eteventstream, HTTP code: 0, content length: -1, actual payload size: 0
[2019.11.04-21.25.19:120][540]LogHttp: Warning: 000002C8CA235440: request failed, libcurl error: 56 (Failure when receiving data from the peer)
[2019.11.04-21.25.19:120][540]LogHttp: Warning: 000002C8CA235440: libcurl info message cache 0 (Found bundle for host datarouter.ol.epicgames.com: 0x2c80acaff70 [can pipeline])
[2019.11.04-21.25.19:120][540]LogHttp: Warning: 000002C8CA235440: libcurl info message cache 1 (Re-using existing connection! (#0) with host datarouter.ol.epicgames.com)
[2019.11.04-21.25.19:120][540]LogHttp: Warning: 000002C8CA235440: libcurl info message cache 2 (Connected to datarouter.ol.epicgames.com (52.4.51.163) port 443 (#0))
[2019.11.04-21.25.19:120][540]LogHttp: Warning: 000002C8CA235440: libcurl info message cache 3 (We are completely uploaded and fine)
[2019.11.04-21.25.19:120][540]LogHttp: Warning: 000002C8CA235440: libcurl info message cache 4 (OpenSSL SSL_read: SSL_ERROR_SYSCALL, errno 10054)
[2019.11.04-21.25.19:120][540]LogHttp: Warning: 000002C8CA235440: libcurl info message cache 5 (Connection died, retrying a fresh connect)
[2019.11.04-21.25.19:120][540]LogHttp: Warning: 000002C8CA235440: libcurl info message cache 6 (necessary data rewind wasn't possible)
[2019.11.04-21.25.19:120][540]LogHttp: Warning: 000002C8CA235440: libcurl info message cache 7 (Closing connection 0)
[2019.11.04-21.25.19:120][540]LogHttp: Warning: Retry exhausted on https://datarouter.ol.epicgames.com/datarouter/api/v1/public/data?SessionID=%7B7EA85E6E-448D-7A9E-60F2-D5B59FCBACEB%7D&AppID=UEEditor.Rocket.Release&AppVersion=4.23.1-9631420%2B%2B%2BUE4%2BRelease-4.23&UserID=4ea96d7f4fd06de91f769387cb4cf69e%7C77ad20ecdc81486fa93f7710f4ea0988%7Cbb0d093e-9d80-4c78-be71-a41a2c443568&AppEnvironment=datacollector-binary&UploadType=eteventstream
[2019.11.04-21.25.27:266][485]LogEditorViewport: Clicking on Actor (LMB): TargetPoint (TargetPoint)
[2019.11.04-21.26.13:384][441]LogEditorViewport: Clicking on Actor (LMB): TargetPoint (TargetPoint2)
[2019.11.04-21.26.18:725][ 71]LogSlate: FSceneViewport::OnFocusLost() reason 0
[2019.11.04-21.29.20:668][429]LogEditorSessionSummary: EditorSessionSummary sent report. Type=AbnormalShutdown, SessionId={7C55EE03-44F4-EA15-2949-4585209DD694}
[2019.11.04-21.30.20:801][853]LogEditorSessionSummary: EditorSessionSummary sent report. Type=Shutdown, SessionId={6CC9E676-49C2-CC25-C21D-11B9A3CB59A6}
[2019.11.04-21.30.33:707][507]LogSlate: Window 'Pick Parent Class' being destroyed
[2019.11.04-21.31.21:131][514]LogEditorSessionSummary: EditorSessionSummary sent report. Type=Shutdown, SessionId={038EF0AE-4F98-80CD-2600-5CB1A4D367CA}
[2019.11.04-21.32.32:377][726]LogUObjectHash: Compacting FUObjectHashTables data took   3.90ms
[2019.11.04-21.32.32:571][726]LogSavePackage: Moving '../../../../../../Users/zerog/Documents/UnrealProj2/HonorAmongThieves/Saved/level0_Auto124331568482CEC0A360439A8D93270DE.tmp' to '../../../../../../Users/zerog/Documents/UnrealProj2/HonorAmongThieves/Saved/Autosaves/Game/Maps/level0_Auto1.umap'
[2019.11.04-21.32.32:573][726]LogFileHelpers: Editor autosave (incl. sublevels) for '/Game/Maps/level0' took 0.235
[2019.11.04-21.32.32:573][726]LogFileHelpers: Editor autosave (incl. sublevels) for all levels took 0.235
[2019.11.04-21.32.32:574][726]OBJ SavePackage: Generating thumbnails for [0] asset(s) in package [/Game/Ai_BP/Ai_pathsConroller] ([1] browsable assets)...
[2019.11.04-21.32.32:575][726]OBJ SavePackage: Finished generating thumbnails for package [/Game/Ai_BP/Ai_pathsConroller]
[2019.11.04-21.32.32:579][726]LogSavePackage: Moving '../../../../../../Users/zerog/Documents/UnrealProj2/HonorAmongThieves/Saved/Ai_pathsConroller_Auto14599EC3F46092298F6AA23ABBD027E06.tmp' to '../../../../../../Users/zerog/Documents/UnrealProj2/HonorAmongThieves/Saved/Autosaves/Game/Ai_BP/Ai_pathsConroller_Auto1.uasset'
[2019.11.04-21.32.32:580][726]LogFileHelpers: Auto-saving content packages took 0.007
[2019.11.04-21.32.44:869][204]LogSlate: Window 'Pick Parent Class' being destroyed
[2019.11.04-21.33.05:192][634]LogAssetEditorManager: Opening Asset editor for Blueprint /Game/Ai_BP/Ai_Character.Ai_Character
[2019.11.04-21.34.24:021][506]LogSlate: FSceneViewport::OnFocusLost() reason 5
[2019.11.04-21.34.43:417][350]LogSlate: FSceneViewport::OnFocusLost() reason 2
[2019.11.04-21.34.43:430][350]LogSlate: Prevented a slow task dialog from being summoned while a context menu was open
[2019.11.04-21.34.53:912][184]LogSlate: FSceneViewport::OnFocusLost() reason 0
[2019.11.04-21.35.39:736][692]LogSlate: FSceneViewport::OnFocusLost() reason 0
[2019.11.04-21.36.14:902][241]LogSlate: FSceneViewport::OnFocusLost() reason 0
[2019.11.04-21.37.04:977][449]BlueprintLog: New page: Compile Ai_Character
[2019.11.04-21.37.05:184][449]LogUObjectHash: Compacting FUObjectHashTables data took   3.49ms
[2019.11.04-21.37.22:318][473]BlueprintLog: New page: Compile Ai_Character
[2019.11.04-21.37.22:529][473]LogUObjectHash: Compacting FUObjectHashTables data took   3.76ms
[2019.11.04-21.38.51:529][983]Cmd: OBJ SAVEPACKAGE PACKAGE="/Game/Ai_BP/Ai_Character" FILE="../../../../../../Users/zerog/Documents/UnrealProj2/HonorAmongThieves/Content/Ai_BP/Ai_Character.uasset" SILENT=true
[2019.11.04-21.38.51:543][983]LogSavePackage: Moving '../../../../../../Users/zerog/Documents/UnrealProj2/HonorAmongThieves/Saved/Ai_Character397D5F0B4DA936F86960719ED818FAA0.tmp' to '../../../../../../Users/zerog/Documents/UnrealProj2/HonorAmongThieves/Content/Ai_BP/Ai_Character.uasset'
[2019.11.04-21.38.58:944][308]LogEditorViewport: Clicking on Actor (LMB): BP_Sky_Sphere_C (Sky Sphere)
[2019.11.04-21.39.00:179][381]LogEditorViewport: Clicking on Actor (LMB): StaticMeshActor (Floor)
[2019.11.04-21.39.00:854][420]LogEditorViewport: Clicking on Actor (LMB): SK_Mannequin2_Blueprint_C (SK_Mannequin2_Blueprint)
[2019.11.04-21.39.01:829][477]Cmd: DELETE
[2019.11.04-21.39.01:829][477]Cmd: ACTOR DELETE
[2019.11.04-21.39.01:840][477]LogSlate: FSceneViewport::OnFocusLost() reason 5
[2019.11.04-21.39.08:088][477]LogSlate: Window 'Message' being destroyed
[2019.11.04-21.39.08:129][477]LogUObjectHash: Compacting FUObjectHashTables data took   3.61ms
[2019.11.04-21.39.08:130][477]LogEditorActor: Deleted 0 Actors (0.045 secs)
[2019.11.04-21.39.09:470][558]LogSlate: FSceneViewport::OnFocusLost() reason 0
[2019.11.04-21.39.16:394][970]LogEditorViewport: Clicking on Actor (LMB): SK_Mannequin2_Blueprint_C (SK_Mannequin2_Blueprint)
